e:\university\cgp600\alex bristow - tutorial 09 exercise 02 - copy\debug\text2d_shaders.cso
e:\university\cgp600\alex bristow - tutorial 09 exercise 02 - copy\debug\vc141.pdb
e:\university\cgp600\alex bristow - tutorial 09 exercise 02 - copy\debug\vc141.idb
e:\university\cgp600\alex bristow - tutorial 09 exercise 02 - copy\debug\camera.obj
e:\university\cgp600\alex bristow - tutorial 09 exercise 02 - copy\debug\main.obj
e:\university\cgp600\alex bristow - tutorial 09 exercise 02 - copy\debug\text2d.obj
e:\university\cgp600\alex bristow - tutorial 09 exercise 02 - copy\debug\alex bristow - tutorial 09 exercise 02 - copy.exe
e:\university\cgp600\alex bristow - tutorial 09 exercise 02 - copy\debug\alex bristow - tutorial 09 exercise 02 - copy.ilk
e:\university\cgp600\alex bristow - tutorial 09 exercise 02 - copy\debug\alex bristow - tutorial 09 exercise 02 - copy.pdb
e:\university\cgp600\alex bristow - tutorial 10 exercise 01\debug\camera.obj
e:\university\cgp600\alex bristow - tutorial 10 exercise 01\debug\main.obj
e:\university\cgp600\alex bristow - tutorial 10 exercise 01\debug\text2d.obj
e:\university\cgp600\alex bristow - tutorial 10 exercise 01\debug\alex bristow - tutorial 09 exercise 02 - copy.ilk
e:\university\cgp600\alex bristow - tutorial 10 exercise 01\debug\vc141.idb
e:\university\cgp600\alex bristow - tutorial 10 exercise 01\debug\alex bristow - tutorial 09 exercise 02 - copy.pdb
e:\university\cgp600\alex bristow - tutorial 10 exercise 01\debug\vc141.pdb
e:\university\cgp600\alex bristow - tutorial 10 exercise 01\debug\alex bristow - tutorial 09 exercise 02 - copy.exe
e:\university\cgp600\alex bristow - tutorial 10 exercise 01\debug\alex bri.acbc56ec.tlog\alex bristow - tutorial 09 exercise 02 - copy.write.1u.tlog
e:\university\cgp600\alex bristow - tutorial 10 exercise 01\debug\alex bri.acbc56ec.tlog\cl.command.1.tlog
e:\university\cgp600\alex bristow - tutorial 10 exercise 01\debug\alex bri.acbc56ec.tlog\cl.read.1.tlog
e:\university\cgp600\alex bristow - tutorial 10 exercise 01\debug\alex bri.acbc56ec.tlog\cl.write.1.tlog
e:\university\cgp600\alex bristow - tutorial 10 exercise 01\debug\alex bri.acbc56ec.tlog\link.command.1.tlog
e:\university\cgp600\alex bristow - tutorial 10 exercise 01\debug\alex bri.acbc56ec.tlog\link.read.1.tlog
e:\university\cgp600\alex bristow - tutorial 10 exercise 01\debug\alex bri.acbc56ec.tlog\link.write.1.tlog
